# JRE version: Java(TM) SE Runtime Environment (8.0_66-b18) (build 1.8.0_66-b18)
# Java VM: Java HotSpot(TM) 64-Bit Server VM (25.66-b18 mixed mode windows-amd64 compressed oops)
Heap:
 PSYoungGen      total 100352K, used 19771K [0x00000000f5580000, 0x00000000fbe00000, 0x0000000100000000)
  eden space 94208K, 19% used [0x00000000f5580000,0x00000000f6785f58,0x00000000fb180000)
  from space 6144K, 21% used [0x00000000fb780000,0x00000000fb8c8ee8,0x00000000fbd80000)
  to   space 6144K, 0% used [0x00000000fb180000,0x00000000fb180000,0x00000000fb780000)
 ParOldGen       total 103424K, used 49396K [0x00000000e0000000, 0x00000000e6500000, 0x00000000f5580000)
  object space 103424K, 47% used [0x00000000e0000000,0x00000000e303d2a8,0x00000000e6500000)
 Metaspace       used 93111K, capacity 100292K, committed 100632K, reserved 1136640K
  class space    used 10670K, capacity 12985K, committed 13104K, reserved 1048576K
GC Heap History (10 events):
Event: 4832.879 GC heap before
{Heap before GC invocations=102 (full 37):
 PSYoungGen      total 98816K, used 93696K [0x00000000f5580000, 0x00000000fbe00000, 0x0000000100000000)
  eden space 93696K, 100% used [0x00000000f5580000,0x00000000fb100000,0x00000000fb100000)
  from space 5120K, 0% used [0x00000000fb900000,0x00000000fb900000,0x00000000fbe00000)
  to   space 6656K, 0% used [0x00000000fb100000,0x00000000fb100000,0x00000000fb780000)
 ParOldGen       total 103424K, used 49802K [0x00000000e0000000, 0x00000000e6500000, 0x00000000f5580000)
  object space 103424K, 48% used [0x00000000e0000000,0x00000000e30a28e0,0x00000000e6500000)
 Metaspace       used 92175K, capacity 99412K, committed 99608K, reserved 1136640K
  class space    used 10578K, capacity 12823K, committed 12848K, reserved 1048576K
Event: 4832.886 GC heap after
Heap after GC invocations=102 (full 37):
 PSYoungGen      total 100352K, used 960K [0x00000000f5580000, 0x00000000fbe80000, 0x0000000100000000)
  eden space 93696K, 0% used [0x00000000f5580000,0x00000000f5580000,0x00000000fb100000)
  from space 6656K, 14% used [0x00000000fb100000,0x00000000fb1f0000,0x00000000fb780000)
  to   space 6656K, 0% used [0x00000000fb800000,0x00000000fb800000,0x00000000fbe80000)
 ParOldGen       total 103424K, used 49802K [0x00000000e0000000, 0x00000000e6500000, 0x00000000f5580000)
  object space 103424K, 48% used [0x00000000e0000000,0x00000000e30a28e0,0x00000000e6500000)
 Metaspace       used 92175K, capacity 99412K, committed 99608K, reserved 1136640K
  class space    used 10578K, capacity 12823K, committed 12848K, reserved 1048576K
}
Event: 4872.322 GC heap before
{Heap before GC invocations=103 (full 37):
 PSYoungGen      total 100352K, used 94656K [0x00000000f5580000, 0x00000000fbe80000, 0x0000000100000000)
  eden space 93696K, 100% used [0x00000000f5580000,0x00000000fb100000,0x00000000fb100000)
  from space 6656K, 14% used [0x00000000fb100000,0x00000000fb1f0000,0x00000000fb780000)
  to   space 6656K, 0% used [0x00000000fb800000,0x00000000fb800000,0x00000000fbe80000)
 ParOldGen       total 103424K, used 49837K [0x00000000e0000000, 0x00000000e6500000, 0x00000000f5580000)
  object space 103424K, 48% used [0x00000000e0000000,0x00000000e30ab5c8,0x00000000e6500000)
 Metaspace       used 92239K, capacity 99476K, committed 99608K, reserved 1136640K
  class space    used 10579K, capacity 12823K, committed 12848K, reserved 1048576K
Event: 4872.332 GC heap after
Heap after GC invocations=103 (full 37):
 PSYoungGen      total 99840K, used 1592K [0x00000000f5580000, 0x00000000fbd80000, 0x0000000100000000)
  eden space 94208K, 0% used [0x00000000f5580000,0x00000000f5580000,0x00000000fb180000)
  from space 5632K, 28% used [0x00000000fb800000,0x00000000fb98e3e0,0x00000000fbd80000)
  to   space 6144K, 0% used [0x00000000fb180000,0x00000000fb180000,0x00000000fb780000)
 ParOldGen       total 103424K, used 49837K [0x00000000e0000000, 0x00000000e6500000, 0x00000000f5580000)
  object space 103424K, 48% used [0x00000000e0000000,0x00000000e30ab5c8,0x00000000e6500000)
 Metaspace       used 92239K, capacity 99476K, committed 99608K, reserved 1136640K
  class space    used 10579K, capacity 12823K, committed 12848K, reserved 1048576K
}
Event: 4876.712 GC heap before
{Heap before GC invocations=104 (full 37):
 PSYoungGen      total 99840K, used 24877K [0x00000000f5580000, 0x00000000fbd80000, 0x0000000100000000)
  eden space 94208K, 24% used [0x00000000f5580000,0x00000000f6c3d180,0x00000000fb180000)
  from space 5632K, 28% used [0x00000000fb800000,0x00000000fb98e3e0,0x00000000fbd80000)
  to   space 6144K, 0% used [0x00000000fb180000,0x00000000fb180000,0x00000000fb780000)
 ParOldGen       total 103424K, used 49837K [0x00000000e0000000, 0x00000000e6500000, 0x00000000f5580000)
  object space 103424K, 48% used [0x00000000e0000000,0x00000000e30ab5c8,0x00000000e6500000)
 Metaspace       used 92247K, capacity 99476K, committed 99608K, reserved 1136640K
  class space    used 10579K, capacity 12823K, committed 12848K, reserved 1048576K
Event: 4876.718 GC heap after
Heap after GC invocations=104 (full 37):
 PSYoungGen      total 100352K, used 2359K [0x00000000f5580000, 0x00000000fbd80000, 0x0000000100000000)
  eden space 94208K, 0% used [0x00000000f5580000,0x00000000f5580000,0x00000000fb180000)
  from space 6144K, 38% used [0x00000000fb180000,0x00000000fb3cdc70,0x00000000fb780000)
  to   space 6144K, 0% used [0x00000000fb780000,0x00000000fb780000,0x00000000fbd80000)
 ParOldGen       total 103424K, used 49845K [0x00000000e0000000, 0x00000000e6500000, 0x00000000f5580000)
  object space 103424K, 48% used [0x00000000e0000000,0x00000000e30ad5c8,0x00000000e6500000)
 Metaspace       used 92247K, capacity 99476K, committed 99608K, reserved 1136640K
  class space    used 10579K, capacity 12823K, committed 12848K, reserved 1048576K
}
Event: 4876.718 GC heap before
{Heap before GC invocations=105 (full 38):
 PSYoungGen      total 100352K, used 2359K [0x00000000f5580000, 0x00000000fbd80000, 0x0000000100000000)
  eden space 94208K, 0% used [0x00000000f5580000,0x00000000f5580000,0x00000000fb180000)
  from space 6144K, 38% used [0x00000000fb180000,0x00000000fb3cdc70,0x00000000fb780000)
  to   space 6144K, 0% used [0x00000000fb780000,0x00000000fb780000,0x00000000fbd80000)
 ParOldGen       total 103424K, used 49845K [0x00000000e0000000, 0x00000000e6500000, 0x00000000f5580000)
  object space 103424K, 48% used [0x00000000e0000000,0x00000000e30ad5c8,0x00000000e6500000)
 Metaspace       used 92247K, capacity 99476K, committed 99608K, reserved 1136640K
  class space    used 10579K, capacity 12823K, committed 12848K, reserved 1048576K
Event: 4876.964 GC heap after
Heap after GC invocations=105 (full 38):
 PSYoungGen      total 100352K, used 0K [0x00000000f5580000, 0x00000000fbd80000, 0x0000000100000000)
  eden space 94208K, 0% used [0x00000000f5580000,0x00000000f5580000,0x00000000fb180000)
  from space 6144K, 0% used [0x00000000fb180000,0x00000000fb180000,0x00000000fb780000)
  to   space 6144K, 0% used [0x00000000fb780000,0x00000000fb780000,0x00000000fbd80000)
 ParOldGen       total 103424K, used 49396K [0x00000000e0000000, 0x00000000e6500000, 0x00000000f5580000)
  object space 103424K, 47% used [0x00000000e0000000,0x00000000e303d2a8,0x00000000e6500000)
 Metaspace       used 92247K, capacity 99476K, committed 99608K, reserved 1136640K
  class space    used 10579K, capacity 12823K, committed 12848K, reserved 1048576K
}
Event: 4905.097 GC heap before
{Heap before GC invocations=106 (full 38):
 PSYoungGen      total 100352K, used 94208K [0x00000000f5580000, 0x00000000fbd80000, 0x0000000100000000)
  eden space 94208K, 100% used [0x00000000f5580000,0x00000000fb180000,0x00000000fb180000)
  from space 6144K, 0% used [0x00000000fb180000,0x00000000fb180000,0x00000000fb780000)
  to   space 6144K, 0% used [0x00000000fb780000,0x00000000fb780000,0x00000000fbd80000)
 ParOldGen       total 103424K, used 49396K [0x00000000e0000000, 0x00000000e6500000, 0x00000000f5580000)
  object space 103424K, 47% used [0x00000000e0000000,0x00000000e303d2a8,0x00000000e6500000)
 Metaspace       used 92576K, capacity 99898K, committed 100248K, reserved 1136640K
  class space    used 10611K, capacity 12856K, committed 12976K, reserved 1048576K
Event: 4905.111 GC heap after
Heap after GC invocations=106 (full 38):
 PSYoungGen      total 100352K, used 1315K [0x00000000f5580000, 0x00000000fbe00000, 0x0000000100000000)
  eden space 94208K, 0% used [0x00000000f5580000,0x00000000f5580000,0x00000000fb180000)
  from space 6144K, 21% used [0x00000000fb780000,0x00000000fb8c8ee8,0x00000000fbd80000)
  to   space 6144K, 0% used [0x00000000fb180000,0x00000000fb180000,0x00000000fb780000)
 ParOldGen       total 103424K, used 49396K [0x00000000e0000000, 0x00000000e6500000, 0x00000000f5580000)
  object space 103424K, 47% used [0x00000000e0000000,0x00000000e303d2a8,0x00000000e6500000)
 Metaspace       used 92576K, capacity 99898K, committed 100248K, reserved 1136640K
  class space    used 10611K, capacity 12856K, committed 12976K, reserved 1048576K
}

