# JRE version: Java(TM) SE Runtime Environment (8.0_66-b18) (build 1.8.0_66-b18)
# Java VM: Java HotSpot(TM) 64-Bit Server VM (25.66-b18 mixed mode windows-amd64 compressed oops)
Heap:
 PSYoungGen      total 75264K, used 55031K [0x00000000f5580000, 0x00000000fa600000, 0x0000000100000000)
  eden space 68096K, 80% used [0x00000000f5580000,0x00000000f8b3dcb0,0x00000000f9800000)
  from space 7168K, 0% used [0x00000000f9f00000,0x00000000f9f00000,0x00000000fa600000)
  to   space 7168K, 0% used [0x00000000f9800000,0x00000000f9800000,0x00000000f9f00000)
 ParOldGen       total 98304K, used 49939K [0x00000000e0000000, 0x00000000e6000000, 0x00000000f5580000)
  object space 98304K, 50% used [0x00000000e0000000,0x00000000e30c4d10,0x00000000e6000000)
 Metaspace       used 96080K, capacity 103104K, committed 103448K, reserved 1138688K
  class space    used 11195K, capacity 13541K, committed 13616K, reserved 1048576K
GC Heap History (10 events):
Event: 5592.286 GC heap before
{Heap before GC invocations=92 (full 26):
 PSYoungGen      total 75264K, used 3593K [0x00000000f5580000, 0x00000000fa600000, 0x0000000100000000)
  eden space 68096K, 0% used [0x00000000f5580000,0x00000000f5580000,0x00000000f9800000)
  from space 7168K, 50% used [0x00000000f9f00000,0x00000000fa282408,0x00000000fa600000)
  to   space 7168K, 0% used [0x00000000f9800000,0x00000000f9800000,0x00000000f9f00000)
 ParOldGen       total 98304K, used 49903K [0x00000000e0000000, 0x00000000e6000000, 0x00000000f5580000)
  object space 98304K, 50% used [0x00000000e0000000,0x00000000e30bbe60,0x00000000e6000000)
 Metaspace       used 95368K, capacity 102550K, committed 102808K, reserved 1138688K
  class space    used 11124K, capacity 13380K, committed 13488K, reserved 1048576K
Event: 5592.593 GC heap after
Heap after GC invocations=92 (full 26):
 PSYoungGen      total 75264K, used 0K [0x00000000f5580000, 0x00000000fa600000, 0x0000000100000000)
  eden space 68096K, 0% used [0x00000000f5580000,0x00000000f5580000,0x00000000f9800000)
  from space 7168K, 0% used [0x00000000f9f00000,0x00000000f9f00000,0x00000000fa600000)
  to   space 7168K, 0% used [0x00000000f9800000,0x00000000f9800000,0x00000000f9f00000)
 ParOldGen       total 98304K, used 51804K [0x00000000e0000000, 0x00000000e6000000, 0x00000000f5580000)
  object space 98304K, 52% used [0x00000000e0000000,0x00000000e3297388,0x00000000e6000000)
 Metaspace       used 95368K, capacity 102550K, committed 102808K, reserved 1138688K
  class space    used 11124K, capacity 13380K, committed 13488K, reserved 1048576K
}
Event: 5652.290 GC heap before
{Heap before GC invocations=93 (full 26):
 PSYoungGen      total 75264K, used 10344K [0x00000000f5580000, 0x00000000fa600000, 0x0000000100000000)
  eden space 68096K, 15% used [0x00000000f5580000,0x00000000f5f9a158,0x00000000f9800000)
  from space 7168K, 0% used [0x00000000f9f00000,0x00000000f9f00000,0x00000000fa600000)
  to   space 7168K, 0% used [0x00000000f9800000,0x00000000f9800000,0x00000000f9f00000)
 ParOldGen       total 98304K, used 51804K [0x00000000e0000000, 0x00000000e6000000, 0x00000000f5580000)
  object space 98304K, 52% used [0x00000000e0000000,0x00000000e3297388,0x00000000e6000000)
 Metaspace       used 95368K, capacity 102550K, committed 102808K, reserved 1138688K
  class space    used 11124K, capacity 13380K, committed 13488K, reserved 1048576K
Event: 5652.294 GC heap after
Heap after GC invocations=93 (full 26):
 PSYoungGen      total 75264K, used 256K [0x00000000f5580000, 0x00000000fa600000, 0x0000000100000000)
  eden space 68096K, 0% used [0x00000000f5580000,0x00000000f5580000,0x00000000f9800000)
  from space 7168K, 3% used [0x00000000f9800000,0x00000000f9840000,0x00000000f9f00000)
  to   space 7168K, 0% used [0x00000000f9f00000,0x00000000f9f00000,0x00000000fa600000)
 ParOldGen       total 98304K, used 51804K [0x00000000e0000000, 0x00000000e6000000, 0x00000000f5580000)
  object space 98304K, 52% used [0x00000000e0000000,0x00000000e3297388,0x00000000e6000000)
 Metaspace       used 95368K, capacity 102550K, committed 102808K, reserved 1138688K
  class space    used 11124K, capacity 13380K, committed 13488K, reserved 1048576K
}
Event: 5652.294 GC heap before
{Heap before GC invocations=94 (full 27):
 PSYoungGen      total 75264K, used 256K [0x00000000f5580000, 0x00000000fa600000, 0x0000000100000000)
  eden space 68096K, 0% used [0x00000000f5580000,0x00000000f5580000,0x00000000f9800000)
  from space 7168K, 3% used [0x00000000f9800000,0x00000000f9840000,0x00000000f9f00000)
  to   space 7168K, 0% used [0x00000000f9f00000,0x00000000f9f00000,0x00000000fa600000)
 ParOldGen       total 98304K, used 51804K [0x00000000e0000000, 0x00000000e6000000, 0x00000000f5580000)
  object space 98304K, 52% used [0x00000000e0000000,0x00000000e3297388,0x00000000e6000000)
 Metaspace       used 95368K, capacity 102550K, committed 102808K, reserved 1138688K
  class space    used 11124K, capacity 13380K, committed 13488K, reserved 1048576K
Event: 5652.464 GC heap after
Heap after GC invocations=94 (full 27):
 PSYoungGen      total 75264K, used 0K [0x00000000f5580000, 0x00000000fa600000, 0x0000000100000000)
  eden space 68096K, 0% used [0x00000000f5580000,0x00000000f5580000,0x00000000f9800000)
  from space 7168K, 0% used [0x00000000f9800000,0x00000000f9800000,0x00000000f9f00000)
  to   space 7168K, 0% used [0x00000000f9f00000,0x00000000f9f00000,0x00000000fa600000)
 ParOldGen       total 98304K, used 50048K [0x00000000e0000000, 0x00000000e6000000, 0x00000000f5580000)
  object space 98304K, 50% used [0x00000000e0000000,0x00000000e30e00e0,0x00000000e6000000)
 Metaspace       used 95368K, capacity 102550K, committed 102808K, reserved 1138688K
  class space    used 11124K, capacity 13380K, committed 13488K, reserved 1048576K
}
Event: 5712.306 GC heap before
{Heap before GC invocations=95 (full 27):
 PSYoungGen      total 75264K, used 1766K [0x00000000f5580000, 0x00000000fa600000, 0x0000000100000000)
  eden space 68096K, 2% used [0x00000000f5580000,0x00000000f5739a90,0x00000000f9800000)
  from space 7168K, 0% used [0x00000000f9800000,0x00000000f9800000,0x00000000f9f00000)
  to   space 7168K, 0% used [0x00000000f9f00000,0x00000000f9f00000,0x00000000fa600000)
 ParOldGen       total 98304K, used 50048K [0x00000000e0000000, 0x00000000e6000000, 0x00000000f5580000)
  object space 98304K, 50% used [0x00000000e0000000,0x00000000e30e00e0,0x00000000e6000000)
 Metaspace       used 95368K, capacity 102550K, committed 102808K, reserved 1138688K
  class space    used 11124K, capacity 13380K, committed 13488K, reserved 1048576K
Event: 5712.310 GC heap after
Heap after GC invocations=95 (full 27):
 PSYoungGen      total 75264K, used 128K [0x00000000f5580000, 0x00000000fa600000, 0x0000000100000000)
  eden space 68096K, 0% used [0x00000000f5580000,0x00000000f5580000,0x00000000f9800000)
  from space 7168K, 1% used [0x00000000f9f00000,0x00000000f9f20000,0x00000000fa600000)
  to   space 7168K, 0% used [0x00000000f9800000,0x00000000f9800000,0x00000000f9f00000)
 ParOldGen       total 98304K, used 50048K [0x00000000e0000000, 0x00000000e6000000, 0x00000000f5580000)
  object space 98304K, 50% used [0x00000000e0000000,0x00000000e30e00e0,0x00000000e6000000)
 Metaspace       used 95368K, capacity 102550K, committed 102808K, reserved 1138688K
  class space    used 11124K, capacity 13380K, committed 13488K, reserved 1048576K
}
Event: 5712.310 GC heap before
{Heap before GC invocations=96 (full 28):
 PSYoungGen      total 75264K, used 128K [0x00000000f5580000, 0x00000000fa600000, 0x0000000100000000)
  eden space 68096K, 0% used [0x00000000f5580000,0x00000000f5580000,0x00000000f9800000)
  from space 7168K, 1% used [0x00000000f9f00000,0x00000000f9f20000,0x00000000fa600000)
  to   space 7168K, 0% used [0x00000000f9800000,0x00000000f9800000,0x00000000f9f00000)
 ParOldGen       total 98304K, used 50048K [0x00000000e0000000, 0x00000000e6000000, 0x00000000f5580000)
  object space 98304K, 50% used [0x00000000e0000000,0x00000000e30e00e0,0x00000000e6000000)
 Metaspace       used 95368K, capacity 102550K, committed 102808K, reserved 1138688K
  class space    used 11124K, capacity 13380K, committed 13488K, reserved 1048576K
Event: 5712.497 GC heap after
Heap after GC invocations=96 (full 28):
 PSYoungGen      total 75264K, used 0K [0x00000000f5580000, 0x00000000fa600000, 0x0000000100000000)
  eden space 68096K, 0% used [0x00000000f5580000,0x00000000f5580000,0x00000000f9800000)
  from space 7168K, 0% used [0x00000000f9f00000,0x00000000f9f00000,0x00000000fa600000)
  to   space 7168K, 0% used [0x00000000f9800000,0x00000000f9800000,0x00000000f9f00000)
 ParOldGen       total 98304K, used 49939K [0x00000000e0000000, 0x00000000e6000000, 0x00000000f5580000)
  object space 98304K, 50% used [0x00000000e0000000,0x00000000e30c4d10,0x00000000e6000000)
 Metaspace       used 95353K, capacity 102526K, committed 102808K, reserved 1138688K
  class space    used 11122K, capacity 13376K, committed 13488K, reserved 1048576K
}

