# JRE version: Java(TM) SE Runtime Environment (8.0_66-b18) (build 1.8.0_66-b18)
# Java VM: Java HotSpot(TM) 64-Bit Server VM (25.66-b18 mixed mode windows-amd64 compressed oops)
Heap:
 PSYoungGen      total 136192K, used 41906K [0x00000000f5580000, 0x00000000fec80000, 0x0000000100000000)
  eden space 118784K, 35% used [0x00000000f5580000,0x00000000f7e6cb08,0x00000000fc980000)
  from space 17408K, 0% used [0x00000000fdb80000,0x00000000fdb80000,0x00000000fec80000)
  to   space 17920K, 0% used [0x00000000fc980000,0x00000000fc980000,0x00000000fdb00000)
 ParOldGen       total 96256K, used 52980K [0x00000000e0000000, 0x00000000e5e00000, 0x00000000f5580000)
  object space 96256K, 55% used [0x00000000e0000000,0x00000000e33bd020,0x00000000e5e00000)
 Metaspace       used 93320K, capacity 100734K, committed 100888K, reserved 1136640K
  class space    used 10892K, capacity 13271K, committed 13360K, reserved 1048576K
GC Heap History (10 events):
Event: 1525.835 GC heap before
{Heap before GC invocations=41 (full 13):
 PSYoungGen      total 137728K, used 448K [0x00000000f5580000, 0x00000000fef80000, 0x0000000100000000)
  eden space 118784K, 0% used [0x00000000f5580000,0x00000000f5580000,0x00000000fc980000)
  from space 18944K, 2% used [0x00000000fdd00000,0x00000000fdd70000,0x00000000fef80000)
  to   space 19456K, 0% used [0x00000000fc980000,0x00000000fc980000,0x00000000fdc80000)
 ParOldGen       total 96256K, used 53777K [0x00000000e0000000, 0x00000000e5e00000, 0x00000000f5580000)
  object space 96256K, 55% used [0x00000000e0000000,0x00000000e3484748,0x00000000e5e00000)
 Metaspace       used 92522K, capacity 99876K, committed 100120K, reserved 1136640K
  class space    used 10810K, capacity 13086K, committed 13104K, reserved 1048576K
Event: 1526.040 GC heap after
Heap after GC invocations=41 (full 13):
 PSYoungGen      total 137728K, used 0K [0x00000000f5580000, 0x00000000fef80000, 0x0000000100000000)
  eden space 118784K, 0% used [0x00000000f5580000,0x00000000f5580000,0x00000000fc980000)
  from space 18944K, 0% used [0x00000000fdd00000,0x00000000fdd00000,0x00000000fef80000)
  to   space 19456K, 0% used [0x00000000fc980000,0x00000000fc980000,0x00000000fdc80000)
 ParOldGen       total 96256K, used 53863K [0x00000000e0000000, 0x00000000e5e00000, 0x00000000f5580000)
  object space 96256K, 55% used [0x00000000e0000000,0x00000000e3499d28,0x00000000e5e00000)
 Metaspace       used 92522K, capacity 99876K, committed 100120K, reserved 1136640K
  class space    used 10810K, capacity 13086K, committed 13104K, reserved 1048576K
}
Event: 15984.749 GC heap before
{Heap before GC invocations=42 (full 13):
 PSYoungGen      total 137728K, used 2395K [0x00000000f5580000, 0x00000000fef80000, 0x0000000100000000)
  eden space 118784K, 2% used [0x00000000f5580000,0x00000000f57d6f08,0x00000000fc980000)
  from space 18944K, 0% used [0x00000000fdd00000,0x00000000fdd00000,0x00000000fef80000)
  to   space 19456K, 0% used [0x00000000fc980000,0x00000000fc980000,0x00000000fdc80000)
 ParOldGen       total 96256K, used 53863K [0x00000000e0000000, 0x00000000e5e00000, 0x00000000f5580000)
  object space 96256K, 55% used [0x00000000e0000000,0x00000000e3499d28,0x00000000e5e00000)
 Metaspace       used 92533K, capacity 99876K, committed 100120K, reserved 1136640K
  class space    used 10810K, capacity 13086K, committed 13104K, reserved 1048576K
Event: 15984.777 GC heap after
Heap after GC invocations=42 (full 13):
 PSYoungGen      total 119296K, used 128K [0x00000000f5580000, 0x00000000fed80000, 0x0000000100000000)
  eden space 118784K, 0% used [0x00000000f5580000,0x00000000f5580000,0x00000000fc980000)
  from space 512K, 25% used [0x00000000fc980000,0x00000000fc9a0000,0x00000000fca00000)
  to   space 18432K, 0% used [0x00000000fdb80000,0x00000000fdb80000,0x00000000fed80000)
 ParOldGen       total 96256K, used 53863K [0x00000000e0000000, 0x00000000e5e00000, 0x00000000f5580000)
  object space 96256K, 55% used [0x00000000e0000000,0x00000000e3499d28,0x00000000e5e00000)
 Metaspace       used 92533K, capacity 99876K, committed 100120K, reserved 1136640K
  class space    used 10810K, capacity 13086K, committed 13104K, reserved 1048576K
}
Event: 15984.777 GC heap before
{Heap before GC invocations=43 (full 14):
 PSYoungGen      total 119296K, used 128K [0x00000000f5580000, 0x00000000fed80000, 0x0000000100000000)
  eden space 118784K, 0% used [0x00000000f5580000,0x00000000f5580000,0x00000000fc980000)
  from space 512K, 25% used [0x00000000fc980000,0x00000000fc9a0000,0x00000000fca00000)
  to   space 18432K, 0% used [0x00000000fdb80000,0x00000000fdb80000,0x00000000fed80000)
 ParOldGen       total 96256K, used 53863K [0x00000000e0000000, 0x00000000e5e00000, 0x00000000f5580000)
  object space 96256K, 55% used [0x00000000e0000000,0x00000000e3499d28,0x00000000e5e00000)
 Metaspace       used 92533K, capacity 99876K, committed 100120K, reserved 1136640K
  class space    used 10810K, capacity 13086K, committed 13104K, reserved 1048576K
Event: 15985.397 GC heap after
Heap after GC invocations=43 (full 14):
 PSYoungGen      total 119296K, used 0K [0x00000000f5580000, 0x00000000fed80000, 0x0000000100000000)
  eden space 118784K, 0% used [0x00000000f5580000,0x00000000f5580000,0x00000000fc980000)
  from space 512K, 0% used [0x00000000fc980000,0x00000000fc980000,0x00000000fca00000)
  to   space 18432K, 0% used [0x00000000fdb80000,0x00000000fdb80000,0x00000000fed80000)
 ParOldGen       total 96256K, used 52858K [0x00000000e0000000, 0x00000000e5e00000, 0x00000000f5580000)
  object space 96256K, 54% used [0x00000000e0000000,0x00000000e339e828,0x00000000e5e00000)
 Metaspace       used 92506K, capacity 99834K, committed 100120K, reserved 1136640K
  class space    used 10806K, capacity 13079K, committed 13104K, reserved 1048576K
}
Event: 32141.333 GC heap before
{Heap before GC invocations=44 (full 14):
 PSYoungGen      total 119296K, used 12344K [0x00000000f5580000, 0x00000000fed80000, 0x0000000100000000)
  eden space 118784K, 10% used [0x00000000f5580000,0x00000000f618e210,0x00000000fc980000)
  from space 512K, 0% used [0x00000000fc980000,0x00000000fc980000,0x00000000fca00000)
  to   space 18432K, 0% used [0x00000000fdb80000,0x00000000fdb80000,0x00000000fed80000)
 ParOldGen       total 96256K, used 52858K [0x00000000e0000000, 0x00000000e5e00000, 0x00000000f5580000)
  object space 96256K, 54% used [0x00000000e0000000,0x00000000e339e828,0x00000000e5e00000)
 Metaspace       used 92515K, capacity 99834K, committed 100120K, reserved 1136640K
  class space    used 10806K, capacity 13079K, committed 13104K, reserved 1048576K
Event: 32141.869 GC heap after
Heap after GC invocations=44 (full 14):
 PSYoungGen      total 136192K, used 512K [0x00000000f5580000, 0x00000000fec80000, 0x0000000100000000)
  eden space 118784K, 0% used [0x00000000f5580000,0x00000000f5580000,0x00000000fc980000)
  from space 17408K, 2% used [0x00000000fdb80000,0x00000000fdc00000,0x00000000fec80000)
  to   space 17920K, 0% used [0x00000000fc980000,0x00000000fc980000,0x00000000fdb00000)
 ParOldGen       total 96256K, used 52858K [0x00000000e0000000, 0x00000000e5e00000, 0x00000000f5580000)
  object space 96256K, 54% used [0x00000000e0000000,0x00000000e339e828,0x00000000e5e00000)
 Metaspace       used 92515K, capacity 99834K, committed 100120K, reserved 1136640K
  class space    used 10806K, capacity 13079K, committed 13104K, reserved 1048576K
}
Event: 32141.869 GC heap before
{Heap before GC invocations=45 (full 15):
 PSYoungGen      total 136192K, used 512K [0x00000000f5580000, 0x00000000fec80000, 0x0000000100000000)
  eden space 118784K, 0% used [0x00000000f5580000,0x00000000f5580000,0x00000000fc980000)
  from space 17408K, 2% used [0x00000000fdb80000,0x00000000fdc00000,0x00000000fec80000)
  to   space 17920K, 0% used [0x00000000fc980000,0x00000000fc980000,0x00000000fdb00000)
 ParOldGen       total 96256K, used 52858K [0x00000000e0000000, 0x00000000e5e00000, 0x00000000f5580000)
  object space 96256K, 54% used [0x00000000e0000000,0x00000000e339e828,0x00000000e5e00000)
 Metaspace       used 92515K, capacity 99834K, committed 100120K, reserved 1136640K
  class space    used 10806K, capacity 13079K, committed 13104K, reserved 1048576K
Event: 32143.329 GC heap after
Heap after GC invocations=45 (full 15):
 PSYoungGen      total 136192K, used 0K [0x00000000f5580000, 0x00000000fec80000, 0x0000000100000000)
  eden space 118784K, 0% used [0x00000000f5580000,0x00000000f5580000,0x00000000fc980000)
  from space 17408K, 0% used [0x00000000fdb80000,0x00000000fdb80000,0x00000000fec80000)
  to   space 17920K, 0% used [0x00000000fc980000,0x00000000fc980000,0x00000000fdb00000)
 ParOldGen       total 96256K, used 52980K [0x00000000e0000000, 0x00000000e5e00000, 0x00000000f5580000)
  object space 96256K, 55% used [0x00000000e0000000,0x00000000e33bd020,0x00000000e5e00000)
 Metaspace       used 92515K, capacity 99834K, committed 100120K, reserved 1136640K
  class space    used 10806K, capacity 13079K, committed 13104K, reserved 1048576K
}

